  Determining projects to restore...
  All projects are up-to-date for restore.
/usr/share/dotnet/sdk/10.0.300/Sdks/Microsoft.NET.Sdk/targets/Microsoft.NET.Sdk.targets(850,5): error MSB4018: The "CreateAppHost" task failed unexpectedly. [/mnt/f/Projects/Paolo/GenAI/RepoGitHUb/azdo/src/DevOpsCli/DevOpsCli.csproj]
/usr/share/dotnet/sdk/10.0.300/Sdks/Microsoft.NET.Sdk/targets/Microsoft.NET.Sdk.targets(850,5): error MSB4018: System.UnauthorizedAccessException: Access to the path '/mnt/f/Projects/Paolo/GenAI/RepoGitHUb/azdo/src/DevOpsCli/obj/Release/net8.0/apphost' is denied. [/mnt/f/Projects/Paolo/GenAI/RepoGitHUb/azdo/src/DevOpsCli/DevOpsCli.csproj]
/usr/share/dotnet/sdk/10.0.300/Sdks/Microsoft.NET.Sdk/targets/Microsoft.NET.Sdk.targets(850,5): error MSB4018:  ---> System.IO.IOException: Operation not permitted [/mnt/f/Projects/Paolo/GenAI/RepoGitHUb/azdo/src/DevOpsCli/DevOpsCli.csproj]
/usr/share/dotnet/sdk/10.0.300/Sdks/Microsoft.NET.Sdk/targets/Microsoft.NET.Sdk.targets(850,5): error MSB4018:    --- End of inner exception stack trace --- [/mnt/f/Projects/Paolo/GenAI/RepoGitHUb/azdo/src/DevOpsCli/DevOpsCli.csproj]
/usr/share/dotnet/sdk/10.0.300/Sdks/Microsoft.NET.Sdk/targets/Microsoft.NET.Sdk.targets(850,5): error MSB4018:    at Interop.ThrowExceptionForIoErrno(ErrorInfo errorInfo, String path, Boolean isDirError) [/mnt/f/Projects/Paolo/GenAI/RepoGitHUb/azdo/src/DevOpsCli/DevOpsCli.csproj]
/usr/share/dotnet/sdk/10.0.300/Sdks/Microsoft.NET.Sdk/targets/Microsoft.NET.Sdk.targets(850,5): error MSB4018:    at System.IO.FileStatus.SetUnixFileMode(SafeFileHandle handle, String path, UnixFileMode mode) [/mnt/f/Projects/Paolo/GenAI/RepoGitHUb/azdo/src/DevOpsCli/DevOpsCli.csproj]
/usr/share/dotnet/sdk/10.0.300/Sdks/Microsoft.NET.Sdk/targets/Microsoft.NET.Sdk.targets(850,5): error MSB4018:    at System.IO.File.SetUnixFileMode(String path, UnixFileMode mode) [/mnt/f/Projects/Paolo/GenAI/RepoGitHUb/azdo/src/DevOpsCli/DevOpsCli.csproj]
/usr/share/dotnet/sdk/10.0.300/Sdks/Microsoft.NET.Sdk/targets/Microsoft.NET.Sdk.targets(850,5): error MSB4018:    at Microsoft.NET.HostModel.AppHost.HostWriter.CreateAppHost(String appHostSourceFilePath, String appHostDestinationFilePath, String appBinaryFilePath, Boolean windowsGraphicalUserInterface, String assemblyToCopyResourcesFrom, Boolean enableMacOSCodeSign, Boolean disableCetCompat, DotNetSearchOptions dotNetSearchOptions) [/mnt/f/Projects/Paolo/GenAI/RepoGitHUb/azdo/src/DevOpsCli/DevOpsCli.csproj]
/usr/share/dotnet/sdk/10.0.300/Sdks/Microsoft.NET.Sdk/targets/Microsoft.NET.Sdk.targets(850,5): error MSB4018:    at Microsoft.NET.Build.Tasks.CreateAppHost.ExecuteCore() [/mnt/f/Projects/Paolo/GenAI/RepoGitHUb/azdo/src/DevOpsCli/DevOpsCli.csproj]
/usr/share/dotnet/sdk/10.0.300/Sdks/Microsoft.NET.Sdk/targets/Microsoft.NET.Sdk.targets(850,5): error MSB4018:    at Microsoft.NET.Build.Tasks.TaskBase.Execute() [/mnt/f/Projects/Paolo/GenAI/RepoGitHUb/azdo/src/DevOpsCli/DevOpsCli.csproj]
/usr/share/dotnet/sdk/10.0.300/Sdks/Microsoft.NET.Sdk/targets/Microsoft.NET.Sdk.targets(850,5): error MSB4018:    at Microsoft.Build.BackEnd.TaskExecutionHost.Execute() [/mnt/f/Projects/Paolo/GenAI/RepoGitHUb/azdo/src/DevOpsCli/DevOpsCli.csproj]
/usr/share/dotnet/sdk/10.0.300/Sdks/Microsoft.NET.Sdk/targets/Microsoft.NET.Sdk.targets(850,5): error MSB4018:    at Microsoft.Build.BackEnd.TaskBuilder.ExecuteInstantiatedTask(TaskExecutionHost taskExecutionHost, TaskLoggingContext taskLoggingContext, TaskHost taskHost, ItemBucket bucket, TaskExecutionMode howToExecuteTask) [/mnt/f/Projects/Paolo/GenAI/RepoGitHUb/azdo/src/DevOpsCli/DevOpsCli.csproj]

Build FAILED.

/usr/share/dotnet/sdk/10.0.300/Sdks/Microsoft.NET.Sdk/targets/Microsoft.NET.Sdk.targets(850,5): error MSB4018: The "CreateAppHost" task failed unexpectedly. [/mnt/f/Projects/Paolo/GenAI/RepoGitHUb/azdo/src/DevOpsCli/DevOpsCli.csproj]
/usr/share/dotnet/sdk/10.0.300/Sdks/Microsoft.NET.Sdk/targets/Microsoft.NET.Sdk.targets(850,5): error MSB4018: System.UnauthorizedAccessException: Access to the path '/mnt/f/Projects/Paolo/GenAI/RepoGitHUb/azdo/src/DevOpsCli/obj/Release/net8.0/apphost' is denied. [/mnt/f/Projects/Paolo/GenAI/RepoGitHUb/azdo/src/DevOpsCli/DevOpsCli.csproj]
/usr/share/dotnet/sdk/10.0.300/Sdks/Microsoft.NET.Sdk/targets/Microsoft.NET.Sdk.targets(850,5): error MSB4018:  ---> System.IO.IOException: Operation not permitted [/mnt/f/Projects/Paolo/GenAI/RepoGitHUb/azdo/src/DevOpsCli/DevOpsCli.csproj]
/usr/share/dotnet/sdk/10.0.300/Sdks/Microsoft.NET.Sdk/targets/Microsoft.NET.Sdk.targets(850,5): error MSB4018:    --- End of inner exception stack trace --- [/mnt/f/Projects/Paolo/GenAI/RepoGitHUb/azdo/src/DevOpsCli/DevOpsCli.csproj]
/usr/share/dotnet/sdk/10.0.300/Sdks/Microsoft.NET.Sdk/targets/Microsoft.NET.Sdk.targets(850,5): error MSB4018:    at Interop.ThrowExceptionForIoErrno(ErrorInfo errorInfo, String path, Boolean isDirError) [/mnt/f/Projects/Paolo/GenAI/RepoGitHUb/azdo/src/DevOpsCli/DevOpsCli.csproj]
/usr/share/dotnet/sdk/10.0.300/Sdks/Microsoft.NET.Sdk/targets/Microsoft.NET.Sdk.targets(850,5): error MSB4018:    at System.IO.FileStatus.SetUnixFileMode(SafeFileHandle handle, String path, UnixFileMode mode) [/mnt/f/Projects/Paolo/GenAI/RepoGitHUb/azdo/src/DevOpsCli/DevOpsCli.csproj]
/usr/share/dotnet/sdk/10.0.300/Sdks/Microsoft.NET.Sdk/targets/Microsoft.NET.Sdk.targets(850,5): error MSB4018:    at System.IO.File.SetUnixFileMode(String path, UnixFileMode mode) [/mnt/f/Projects/Paolo/GenAI/RepoGitHUb/azdo/src/DevOpsCli/DevOpsCli.csproj]
/usr/share/dotnet/sdk/10.0.300/Sdks/Microsoft.NET.Sdk/targets/Microsoft.NET.Sdk.targets(850,5): error MSB4018:    at Microsoft.NET.HostModel.AppHost.HostWriter.CreateAppHost(String appHostSourceFilePath, String appHostDestinationFilePath, String appBinaryFilePath, Boolean windowsGraphicalUserInterface, String assemblyToCopyResourcesFrom, Boolean enableMacOSCodeSign, Boolean disableCetCompat, DotNetSearchOptions dotNetSearchOptions) [/mnt/f/Projects/Paolo/GenAI/RepoGitHUb/azdo/src/DevOpsCli/DevOpsCli.csproj]
/usr/share/dotnet/sdk/10.0.300/Sdks/Microsoft.NET.Sdk/targets/Microsoft.NET.Sdk.targets(850,5): error MSB4018:    at Microsoft.NET.Build.Tasks.CreateAppHost.ExecuteCore() [/mnt/f/Projects/Paolo/GenAI/RepoGitHUb/azdo/src/DevOpsCli/DevOpsCli.csproj]
/usr/share/dotnet/sdk/10.0.300/Sdks/Microsoft.NET.Sdk/targets/Microsoft.NET.Sdk.targets(850,5): error MSB4018:    at Microsoft.NET.Build.Tasks.TaskBase.Execute() [/mnt/f/Projects/Paolo/GenAI/RepoGitHUb/azdo/src/DevOpsCli/DevOpsCli.csproj]
/usr/share/dotnet/sdk/10.0.300/Sdks/Microsoft.NET.Sdk/targets/Microsoft.NET.Sdk.targets(850,5): error MSB4018:    at Microsoft.Build.BackEnd.TaskExecutionHost.Execute() [/mnt/f/Projects/Paolo/GenAI/RepoGitHUb/azdo/src/DevOpsCli/DevOpsCli.csproj]
/usr/share/dotnet/sdk/10.0.300/Sdks/Microsoft.NET.Sdk/targets/Microsoft.NET.Sdk.targets(850,5): error MSB4018:    at Microsoft.Build.BackEnd.TaskBuilder.ExecuteInstantiatedTask(TaskExecutionHost taskExecutionHost, TaskLoggingContext taskLoggingContext, TaskHost taskHost, ItemBucket bucket, TaskExecutionMode howToExecuteTask) [/mnt/f/Projects/Paolo/GenAI/RepoGitHUb/azdo/src/DevOpsCli/DevOpsCli.csproj]
    0 Warning(s)
    1 Error(s)

Time Elapsed 00:00:40.08
